# JRE version: Java(TM) SE Runtime Environment (7.0_80-b15) (build 1.7.0_80-b15)
# Java VM: Java HotSpot(TM) 64-Bit Server VM (24.80-b11 mixed mode windows-amd64 compressed oops)
Heap
 PSYoungGen      total 275968K, used 41969K [0x00000000eaa80000, 0x0000000100000000, 0x0000000100000000)
  eden space 233984K, 0% used [0x00000000eaa80000,0x00000000eaa80000,0x00000000f8f00000)
  from space 41984K, 99% used [0x00000000fd700000,0x00000000ffffc4e8,0x0000000100000000)
  to   space 57856K, 0% used [0x00000000f8f00000,0x00000000f8f00000,0x00000000fc780000)
 ParOldGen       total 83456K, used 83191K [0x00000000c0000000, 0x00000000c5180000, 0x00000000eaa80000)
  object space 83456K, 99% used [0x00000000c0000000,0x00000000c513dd38,0x00000000c5180000)
 PSPermGen       total 21504K, used 6155K [0x00000000bae00000, 0x00000000bc300000, 0x00000000c0000000)
  object space 21504K, 28% used [0x00000000bae00000,0x00000000bb402e10,0x00000000bc300000)
GC Heap History (10 events):
Event: 9.869 GC heap after
Heap after GC invocations=7 (full 0):
 PSYoungGen      total 134656K, used 11747K [0x00000000eaa80000, 0x00000000fc480000, 0x0000000100000000)
  eden space 122880K, 0% used [0x00000000eaa80000,0x00000000eaa80000,0x00000000f2280000)
  from space 11776K, 99% used [0x00000000f2280000,0x00000000f2df8fe0,0x00000000f2e00000)
  to   space 21504K, 0% used [0x00000000faf80000,0x00000000faf80000,0x00000000fc480000)
 ParOldGen       total 41472K, used 26957K [0x00000000c0000000, 0x00000000c2880000, 0x00000000eaa80000)
  object space 41472K, 65% used [0x00000000c0000000,0x00000000c1a53708,0x00000000c2880000)
 PSPermGen       total 21504K, used 6049K [0x00000000bae00000, 0x00000000bc300000, 0x00000000c0000000)
  object space 21504K, 28% used [0x00000000bae00000,0x00000000bb3e8548,0x00000000bc300000)
}
Event: 12.308 GC heap before
{Heap before GC invocations=8 (full 0):
 PSYoungGen      total 134656K, used 134627K [0x00000000eaa80000, 0x00000000fc480000, 0x0000000100000000)
  eden space 122880K, 100% used [0x00000000eaa80000,0x00000000f2280000,0x00000000f2280000)
  from space 11776K, 99% used [0x00000000f2280000,0x00000000f2df8fe0,0x00000000f2e00000)
  to   space 21504K, 0% used [0x00000000faf80000,0x00000000faf80000,0x00000000fc480000)
 ParOldGen       total 41472K, used 26957K [0x00000000c0000000, 0x00000000c2880000, 0x00000000eaa80000)
  object space 41472K, 65% used [0x00000000c0000000,0x00000000c1a53708,0x00000000c2880000)
 PSPermGen       total 21504K, used 6110K [0x00000000bae00000, 0x00000000bc300000, 0x00000000c0000000)
  object space 21504K, 28% used [0x00000000bae00000,0x00000000bb3f78e8,0x00000000bc300000)
Event: 12.390 GC heap after
Heap after GC invocations=8 (full 0):
 PSYoungGen      total 259584K, used 21474K [0x00000000eaa80000, 0x00000000fd380000, 0x0000000100000000)
  eden space 238080K, 0% used [0x00000000eaa80000,0x00000000eaa80000,0x00000000f9300000)
  from space 21504K, 99% used [0x00000000faf80000,0x00000000fc478970,0x00000000fc480000)
  to   space 29184K, 0% used [0x00000000f9300000,0x00000000f9300000,0x00000000faf80000)
 ParOldGen       total 41472K, used 34320K [0x00000000c0000000, 0x00000000c2880000, 0x00000000eaa80000)
  object space 41472K, 82% used [0x00000000c0000000,0x00000000c2184350,0x00000000c2880000)
 PSPermGen       total 21504K, used 6110K [0x00000000bae00000, 0x00000000bc300000, 0x00000000c0000000)
  object space 21504K, 28% used [0x00000000bae00000,0x00000000bb3f78e8,0x00000000bc300000)
}
Event: 12.390 GC heap before
{Heap before GC invocations=9 (full 1):
 PSYoungGen      total 259584K, used 21474K [0x00000000eaa80000, 0x00000000fd380000, 0x0000000100000000)
  eden space 238080K, 0% used [0x00000000eaa80000,0x00000000eaa80000,0x00000000f9300000)
  from space 21504K, 99% used [0x00000000faf80000,0x00000000fc478970,0x00000000fc480000)
  to   space 29184K, 0% used [0x00000000f9300000,0x00000000f9300000,0x00000000faf80000)
 ParOldGen       total 41472K, used 34320K [0x00000000c0000000, 0x00000000c2880000, 0x00000000eaa80000)
  object space 41472K, 82% used [0x00000000c0000000,0x00000000c2184350,0x00000000c2880000)
 PSPermGen       total 21504K, used 6110K [0x00000000bae00000, 0x00000000bc300000, 0x00000000c0000000)
  object space 21504K, 28% used [0x00000000bae00000,0x00000000bb3f78e8,0x00000000bc300000)
Event: 13.026 GC heap after
Heap after GC invocations=9 (full 1):
 PSYoungGen      total 259584K, used 10696K [0x00000000eaa80000, 0x00000000fd380000, 0x0000000100000000)
  eden space 238080K, 0% used [0x00000000eaa80000,0x00000000eaa80000,0x00000000f9300000)
  from space 21504K, 49% used [0x00000000faf80000,0x00000000fb9f2320,0x00000000fc480000)
  to   space 29184K, 0% used [0x00000000f9300000,0x00000000f9300000,0x00000000faf80000)
 ParOldGen       total 77312K, used 41307K [0x00000000c0000000, 0x00000000c4b80000, 0x00000000eaa80000)
  object space 77312K, 53% used [0x00000000c0000000,0x00000000c2856d78,0x00000000c4b80000)
 PSPermGen       total 21504K, used 6105K [0x00000000bae00000, 0x00000000bc300000, 0x00000000c0000000)
  object space 21504K, 28% used [0x00000000bae00000,0x00000000bb3f6468,0x00000000bc300000)
}
Event: 14.523 GC heap before
{Heap before GC invocations=10 (full 1):
 PSYoungGen      total 259584K, used 248776K [0x00000000eaa80000, 0x00000000fd380000, 0x0000000100000000)
  eden space 238080K, 100% used [0x00000000eaa80000,0x00000000f9300000,0x00000000f9300000)
  from space 21504K, 49% used [0x00000000faf80000,0x00000000fb9f2320,0x00000000fc480000)
  to   space 29184K, 0% used [0x00000000f9300000,0x00000000f9300000,0x00000000faf80000)
 ParOldGen       total 77312K, used 41307K [0x00000000c0000000, 0x00000000c4b80000, 0x00000000eaa80000)
  object space 77312K, 53% used [0x00000000c0000000,0x00000000c2856d78,0x00000000c4b80000)
 PSPermGen       total 21504K, used 6131K [0x00000000bae00000, 0x00000000bc300000, 0x00000000c0000000)
  object space 21504K, 28% used [0x00000000bae00000,0x00000000bb3fcf10,0x00000000bc300000)
Event: 14.631 GC heap after
Heap after GC invocations=10 (full 1):
 PSYoungGen      total 267264K, used 29167K [0x00000000eaa80000, 0x0000000100000000, 0x0000000100000000)
  eden space 238080K, 0% used [0x00000000eaa80000,0x00000000eaa80000,0x00000000f9300000)
  from space 29184K, 99% used [0x00000000f9300000,0x00000000faf7bfb0,0x00000000faf80000)
  to   space 41984K, 0% used [0x00000000fd700000,0x00000000fd700000,0x0000000100000000)
 ParOldGen       total 77312K, used 59253K [0x00000000c0000000, 0x00000000c4b80000, 0x00000000eaa80000)
  object space 77312K, 76% used [0x00000000c0000000,0x00000000c39dd788,0x00000000c4b80000)
 PSPermGen       total 21504K, used 6131K [0x00000000bae00000, 0x00000000bc300000, 0x00000000c0000000)
  object space 21504K, 28% used [0x00000000bae00000,0x00000000bb3fcf10,0x00000000bc300000)
}
Event: 15.536 GC heap before
{Heap before GC invocations=11 (full 1):
 PSYoungGen      total 267264K, used 267247K [0x00000000eaa80000, 0x0000000100000000, 0x0000000100000000)
  eden space 238080K, 100% used [0x00000000eaa80000,0x00000000f9300000,0x00000000f9300000)
  from space 29184K, 99% used [0x00000000f9300000,0x00000000faf7bfb0,0x00000000faf80000)
  to   space 41984K, 0% used [0x00000000fd700000,0x00000000fd700000,0x0000000100000000)
 ParOldGen       total 77312K, used 59253K [0x00000000c0000000, 0x00000000c4b80000, 0x00000000eaa80000)
  object space 77312K, 76% used [0x00000000c0000000,0x00000000c39dd788,0x00000000c4b80000)
 PSPermGen       total 21504K, used 6155K [0x00000000bae00000, 0x00000000bc300000, 0x00000000c0000000)
  object space 21504K, 28% used [0x00000000bae00000,0x00000000bb402e10,0x00000000bc300000)
Event: 15.690 GC heap after
Heap after GC invocations=11 (full 1):
 PSYoungGen      total 275968K, used 41969K [0x00000000eaa80000, 0x0000000100000000, 0x0000000100000000)
  eden space 233984K, 0% used [0x00000000eaa80000,0x00000000eaa80000,0x00000000f8f00000)
  from space 41984K, 99% used [0x00000000fd700000,0x00000000ffffc4e8,0x0000000100000000)
  to   space 57856K, 0% used [0x00000000f8f00000,0x00000000f8f00000,0x00000000fc780000)
 ParOldGen       total 83456K, used 83191K [0x00000000c0000000, 0x00000000c5180000, 0x00000000eaa80000)
  object space 83456K, 99% used [0x00000000c0000000,0x00000000c513dd38,0x00000000c5180000)
 PSPermGen       total 21504K, used 6155K [0x00000000bae00000, 0x00000000bc300000, 0x00000000c0000000)
  object space 21504K, 28% used [0x00000000bae00000,0x00000000bb402e10,0x00000000bc300000)
}
Event: 15.690 GC heap before
{Heap before GC invocations=12 (full 2):
 PSYoungGen      total 275968K, used 41969K [0x00000000eaa80000, 0x0000000100000000, 0x0000000100000000)
  eden space 233984K, 0% used [0x00000000eaa80000,0x00000000eaa80000,0x00000000f8f00000)
  from space 41984K, 99% used [0x00000000fd700000,0x00000000ffffc4e8,0x0000000100000000)
  to   space 57856K, 0% used [0x00000000f8f00000,0x00000000f8f00000,0x00000000fc780000)
 ParOldGen       total 83456K, used 83191K [0x00000000c0000000, 0x00000000c5180000, 0x00000000eaa80000)
  object space 83456K, 99% used [0x00000000c0000000,0x00000000c513dd38,0x00000000c5180000)
 PSPermGen       total 21504K, used 6155K [0x00000000bae00000, 0x00000000bc300000, 0x00000000c0000000)
  object space 21504K, 28% used [0x00000000bae00000,0x00000000bb402e10,0x00000000bc300000)

